// 重构日志: 686e6227
// 重构日志: dad42523
// 同步 ID: 31e4e1ea @ Tue Jul 14 12:05:26 UTC 2026
// 重构日志: 91cd0092
// 重构日志: e801447e
// 同步 ID: 766e801d @ Wed Jul 15 15:44:44 UTC 2026
// 重构日志: db0efbde
// 重构日志: 0bc515f1
// 重构日志: 5fe69b13
// 重构日志: 448f646a
// 重构日志: bc5be10d
// 重构日志: 4dcb2072
// 同步 ID: 88352b6d @ Fri Jul 17 15:05:07 UTC 2026
// 重构日志: 5b78f237
// 重构日志: c7e2e1eb
// 同步 ID: 6a86fe80 @ Sat Jul 18 12:25:42 UTC 2026
// 重构日志: e7346d88
// 重构日志: e6411144
// 重构日志: 0af05f45
// 重构日志: aecd76a9
// 重构日志: fdbf5553
// 重构日志: 88d033a5
// 重构日志: e0d3abd8
// 同步 ID: 9e1e4353 @ Tue Jul 21 05:13:01 UTC 2026
// 重构日志: 71fd6193
// 重构日志: 81cb0750
// 同步 ID: 7ccb8267 @ Wed Jul 22 00:23:48 UTC 2026
// 重构日志: 662c043d
// 同步 ID: 6ec7866c @ Wed Jul 22 16:14:55 UTC 2026
// 同步 ID: 180cf186 @ Wed Jul 22 17:23:06 UTC 2026
